(---------------------------------------------------------------------)
(                                                                     )
(    Compose Shapes                                                   )
(                                                                     )
(    Drawing          : AA_05122213.brd                               )
(    Software Version : 17.2S057                                      )
(    Date/Time        : Thu May 14 01:48:26 2020                      )
(                                                                     )
(---------------------------------------------------------------------)


current class name(DRAWING FORMAT)
Find smallest gap failed. Be cautious, this may not be an error
Retrieve closedLoop with segments (nil) failed
A total of 1 shapes were created.
current class name(DRAWING FORMAT)
Find smallest gap failed. Be cautious, this may not be an error
Retrieve closedLoop with segments (nil) failed
A total of 1 shapes were created.
current class name(DRAWING FORMAT)
Find smallest gap failed. Be cautious, this may not be an error
Retrieve closedLoop with segments (nil) failed
A total of 1 shapes were created.
current class name(DRAWING FORMAT)
Find smallest gap failed. Be cautious, this may not be an error
Retrieve closedLoop with segments (nil) failed
Get shape struct returns nil
A total of 0 shapes were created.
There are segments remaining which do not form a closed shape based on current gap settings.
Use the "Close Shape" option from the RMB popup to close any shape(s) left open.
current class name(DRAWING FORMAT)
Find smallest gap failed. Be cautious, this may not be an error
Get shape struct returns nil
A total of 0 shapes were created.
There are segments remaining which do not form a closed shape based on current gap settings.
Use the "Close Shape" option from the RMB popup to close any shape(s) left open.
current class name(DRAWING FORMAT)
Get shape struct returns nil
A total of 0 shapes were created.
There are segments remaining which do not form a closed shape based on current gap settings.
Use the "Close Shape" option from the RMB popup to close any shape(s) left open.
current class name(DRAWING FORMAT)
Get shape struct returns nil
A total of 0 shapes were created.
There are segments remaining which do not form a closed shape based on current gap settings.
Use the "Close Shape" option from the RMB popup to close any shape(s) left open.
current class name(DRAWING FORMAT)
Get shape struct returns nil
A total of 0 shapes were created.
There are segments remaining which do not form a closed shape based on current gap settings.
Use the "Close Shape" option from the RMB popup to close any shape(s) left open.
current class name(DRAWING FORMAT)
Get shape struct returns nil
A total of 0 shapes were created.
There are segments remaining which do not form a closed shape based on current gap settings.
Use the "Close Shape" option from the RMB popup to close any shape(s) left open.
current class name(DRAWING FORMAT)
Get shape struct returns nil
A total of 0 shapes were created.
There are segments remaining which do not form a closed shape based on current gap settings.
Use the "Close Shape" option from the RMB popup to close any shape(s) left open.
current class name(DRAWING FORMAT)
Get shape struct returns nil
A total of 0 shapes were created.
There are segments remaining which do not form a closed shape based on current gap settings.
Use the "Close Shape" option from the RMB popup to close any shape(s) left open.
current class name(DRAWING FORMAT)
Get shape struct returns nil
A total of 0 shapes were created.
There are segments remaining which do not form a closed shape based on current gap settings.
Use the "Close Shape" option from the RMB popup to close any shape(s) left open.
current class name(DRAWING FORMAT)
Find smallest gap failed. Be cautious, this may not be an error
A total of 1 shapes were created.
