(---------------------------------------------------------------------)
(                                                                     )
(    Parameter File READ                                              )
(                                                                     )
(    Drawing          : T_Plug.dra                                    )
(    Software Version : 17.2S057                                      )
(    Date/Time        : Fri Apr 10 00:53:30 2020                      )
(                                                                     )
(---------------------------------------------------------------------)


	Paramfile Name : D:/Cadence/SPB_Data/pcbenv/My_parameters.prm
	Layout Name   : T_Plug.dra

Reading...parameter_header:
Reading...db_common_type:
	WARNING: Unmatched Data - Field Name: active_subclass , Value: "DESIGNER_NOTES"
Reading...grid_parms_type:
Reading...UnusedPadsSuppressionSettings:
Reading...artwork_film:
	Reading...art_film_type:
	Reading...art_film_block_type:
	Reading...art_class_type:
	Reading...art_class_type:
	Reading...art_class_type:
Reading...artwork_film:
	Reading...art_film_type:
	Reading...art_film_block_type:
	Reading...art_class_type:
	Reading...art_class_type:
	Reading...art_class_type:
Reading...artwork_film:
	Reading...art_film_type:
	Reading...art_film_block_type:
	Reading...art_class_type:
Reading...artwork_film:
	Reading...art_film_type:
	Reading...art_film_block_type:
	Reading...art_class_type:
	Reading...art_class_type:
	Reading...art_class_type:
Reading...artwork_film:
	Reading...art_film_type:
	Reading...art_film_block_type:
	Reading...art_class_type:
	Reading...art_class_type:
	Reading...art_class_type:
Reading...artwork_film:
	Reading...art_film_type:
	Reading...art_film_block_type:
	Reading...art_class_type:
	Reading...art_class_type:
	Reading...art_class_type:
	Reading...art_class_type:
Reading...artwork_film:
	Reading...art_film_type:
	Reading...art_film_block_type:
	Reading...art_class_type:
	Reading...art_class_type:
	Reading...art_class_type:
	Reading...art_class_type:
Reading...artwork_film:
	Reading...art_film_type:
	Reading...art_film_block_type:
	Reading...art_class_type:
	Reading...art_class_type:
	Reading...art_class_type:
	Reading...art_class_type:
Reading...artwork_film:
	Reading...art_film_type:
	Reading...art_film_block_type:
	Reading...art_class_type:
	Reading...art_class_type:
	Reading...art_class_type:
	Reading...art_class_type:
Reading...artwork_film:
	Reading...art_film_type:
	Reading...art_film_block_type:
	Reading...art_class_type:
Reading...color_table_table:
Reading...ColorParmType:
Reading...netCustomColors:
Reading...profileCustomColors:
Reading...text_size_table:
Reading...placement_parameter_type:
Reading...av_parm_type:
Reading...probe_parm_type:
Reading...ats_parm_type:
Reading...ministat_parm_type:
Reading...ifp_parm_type:
Reading...dynfill_parm_type:


..... Total number of errors: 0.
..... Total number of warnings: 1.
